C51 COMPILER V9.60.0.0   LCDDISPLAY4                                                       01/26/2023 23:03:03 PAGE 1   


C51 COMPILER V9.60.0.0, COMPILATION OF MODULE LCDDISPLAY4
OBJECT MODULE PLACED IN .\Objects\lcddisplay4.obj
COMPILER INVOKED BY: C:\Keil_v5\C51\BIN\C51.EXE lcddisplay4.c OPTIMIZE(8,SPEED) BROWSE DEBUG OBJECTEXTEND PRINT(.\Listin
                    -gs\lcddisplay4.lst) TABS(2) OBJECT(.\Objects\lcddisplay4.obj)

line level    source

   1          #include<reg51.h>
   2          #include <stdio.h>
   3          #include <string.h>
   4          
   5          sbit S1 = P1^0;
   6          sbit S2 = P2^7;
   7          
   8          
   9          sbit south_red = P1^3;
  10          sbit south_yellow = P1^4;
  11          sbit south_green = P1^5;
  12          
  13          sbit east_red = P1^6;
  14          sbit east_yellow = P1^7;
  15          sbit east_green = P2^0;
  16          
  17          sbit west_red = P2^1;
  18          sbit west_yellow = P2^2;
  19          sbit west_green = P2^3;
  20          sbit rs=P2^4;
  21          sbit rw=P2^5;
  22          sbit en=P2^6;
  23          
  24          void lcdcmd(unsigned char);
  25          void lcddata(unsigned char);
  26          void delay(unsigned int time);
  27          void displayOpen();
  28          
  29          int j;
  30          char full_name[] = "NOTHING";
  31          char south[] = "SOUTH OPEN";
  32          char east[] = "EAST OPEN";
  33          char west[] = "WEST OPEN";
  34          char myData[] = "Developed by Fahim";
  35          
  36          void delay2(){
  37   1          unsigned int i;
  38   1          for(i=0;i<5000;i++);
  39   1      }
  40          
  41          void displayOpen(int count){
  42   1        lcdcmd(0x01);
  43   1        lcdcmd(0x38);delay2();
  44   1        lcdcmd(0x80);delay2();
  45   1        lcdcmd(0x0C);delay2();
  46   1        
  47   1             if(count==1){
  48   2              for(j = 0; j < strlen(south); j++) {
  49   3                lcddata(south[j]);delay2();
  50   3              }
  51   2                lcdcmd(0xC0);delay2();
  52   2        for(j=0;j<strlen(myData);j++){
  53   3          lcddata(myData[j]);
  54   3          delay2();
C51 COMPILER V9.60.0.0   LCDDISPLAY4                                                       01/26/2023 23:03:03 PAGE 2   

  55   3        }
  56   2           }
  57   1      
  58   1           if(count==2){
  59   2              for(j = 0; j < strlen(east); j++) {
  60   3                lcddata(east[j]);delay2();
  61   3              }
  62   2                lcdcmd(0xC0);delay2();
  63   2        for(j=0;j<strlen(myData);j++){
  64   3          lcddata(myData[j]);
  65   3          delay2();
  66   3        }
  67   2           }
  68   1      
  69   1           if(count==3){
  70   2              for(j = 0; j < strlen(west); j++) {
  71   3                lcddata(west[j]);delay2();
  72   3              }
  73   2                lcdcmd(0xC0);delay2();
  74   2        for(j=0;j<strlen(myData);j++){
  75   3          lcddata(myData[j]);
  76   3          delay2();
  77   3        }
  78   2           }
  79   1          delay2();delay2();
  80   1      }
  81          
  82          void delay3(unsigned int time) 
  83          {
  84   1          unsigned int i, j;
  85   1          for(i=0; i<time; i++)
  86   1              for(j=0; j<1275; j++);
  87   1      }
  88          
  89          void delay(unsigned int time) 
  90          {
  91   1        unsigned char seg[10]={0xc0, 0xf9, 0xa4, 0xb0, 0x99, 0x92, 0x82, 0xf8, 0x80, 0x90};
  92   1        unsigned char x;
  93   1        int num1,num2;
  94   1        
  95   1        P0=0x00;
  96   1          for(x=time; x<=time; x--){
  97   2            
  98   2            num1 = x/10;   
  99   2            S1 = 1;         
 100   2            S2 = 0;
 101   2            P0 = seg[num1];  
 102   2            delay3(50);
 103   2      
 104   2            
 105   2            num2 = x%10;    
 106   2            S1 = 0;         
 107   2            S2 = 1;
 108   2            P0 = seg[num2];
 109   2            delay3(50);
 110   2          }
 111   1      }
 112          
 113          void main(){
 114   1        
 115   1          P3=0x00;
 116   1          while(1)
C51 COMPILER V9.60.0.0   LCDDISPLAY4                                                       01/26/2023 23:03:03 PAGE 3   

 117   1          {   
 118   2            south_red=1;
 119   2            south_green=south_yellow=0;
 120   2            east_red=1;
 121   2            east_green=east_yellow=0;
 122   2            west_red=1;
 123   2            west_green=west_yellow=0;
 124   2            
 125   2              
 126   2              // open east
 127   2              east_red = 0;
 128   2              east_yellow=0;
 129   2              east_green = 1;
 130   2              displayOpen(1);
 131   2              delay(20);
 132   2              south_red = 0;
 133   2              south_yellow=1;
 134   2              delay(5);
 135   2              east_green = 0;
 136   2              east_red = 1;
 137   2              
 138   2            
 139   2              // open south
 140   2              south_red = 0;
 141   2              south_yellow=0;
 142   2              south_green = 1;
 143   2              displayOpen(2);
 144   2              delay(15);
 145   2              west_red = 0;
 146   2              west_yellow=1;
 147   2              delay(5);
 148   2              south_green = 0;
 149   2              south_red = 1;
 150   2              
 151   2              // open west
 152   2              west_red = 0;
 153   2              west_yellow=0;
 154   2              west_green = 1;
 155   2              displayOpen(3);
 156   2              delay(10);
 157   2              east_red = 0;
 158   2              east_yellow = 1;
 159   2              delay(5);
 160   2              west_green = 0;
 161   2              west_red = 1; 
 162   2          }
 163   1      }
 164          
 165          void lcdcmd(unsigned char val){
 166   1          P3=val;
 167   1          rs=0;
 168   1          rw=0;
 169   1          en=1;
 170   1          delay2();
 171   1          en=0;
 172   1      }
 173          
 174          void lcddata(unsigned char val){
 175   1          P3=val;
 176   1          rs=1;
 177   1          rw=0;
 178   1          en=1;
C51 COMPILER V9.60.0.0   LCDDISPLAY4                                                       01/26/2023 23:03:03 PAGE 4   

 179   1          delay2();
 180   1          en=0;
 181   1      }
 182          


MODULE INFORMATION:   STATIC OVERLAYABLE
   CODE SIZE        =    622    ----
   CONSTANT SIZE    =     10    ----
   XDATA SIZE       =   ----    ----
   PDATA SIZE       =   ----    ----
   DATA SIZE        =     60      16
   IDATA SIZE       =   ----    ----
   BIT SIZE         =   ----    ----
END OF MODULE INFORMATION.


C51 COMPILATION COMPLETE.  0 WARNING(S),  0 ERROR(S)
